<?xml version="1.0" encoding="UTF-8"?>
<!-- Generated by org.testng.reporters.JUnitReportReporter -->
<testsuite hostname="DESKTOP-T73P1H3" failures="0" tests="1" name="testCases.FirstTest" time="2.810" errors="0" timestamp="2024-10-28T22:29:34 AEDT" skipped="0">
  <testcase classname="testCases.FirstTest" name="Login" time="2.810"/>
</testsuite> <!-- testCases.FirstTest -->
